<?xml version="1.0" encoding="UTF-8"?>
<testng-results ignored="0" total="1" passed="1" failed="0" skipped="0">
  <reporter-output>
    <line>
      <![CDATA[bhanu]]>
    </line>
    <line>
      <![CDATA[test1...]]>
    </line>
  </reporter-output>
  <suite started-at="2023-06-22T22:16:42 CDT" name="Suite" finished-at="2023-06-22T22:16:46 CDT" duration-ms="4036">
    <groups>
    </groups>
    <test started-at="2023-06-22T22:16:42 CDT" name="Test" finished-at="2023-06-22T22:16:46 CDT" duration-ms="4036">
      <class name="script.Test1">
        <test-method is-config="true" signature="preCondition(java.lang.String,java.lang.String,java.lang.String,java.lang.String)[pri:0, instance:script.Test1@7f485fda]" started-at="2023-06-22T22:16:42 CDT" name="preCondition" finished-at="2023-06-22T22:16:45 CDT" duration-ms="3291" status="PASS">
          <params>
            <param index="0">
              <value>
                <![CDATA[http://www.fb.com]]>
              </value>
            </param>
            <param index="1">
              <value>
                <![CDATA[chrome]]>
              </value>
            </param>
            <param index="2">
              <value>
                <![CDATA[9]]>
              </value>
            </param>
            <param index="3">
              <value>
                <![CDATA[7]]>
              </value>
            </param>
          </params>
          <reporter-output>
          </reporter-output>
        </test-method> <!-- preCondition -->
        <test-method signature="test1()[pri:0, instance:script.Test1@7f485fda]" started-at="2023-06-22T22:16:45 CDT" name="test1" finished-at="2023-06-22T22:16:46 CDT" duration-ms="565" status="PASS">
          <reporter-output>
            <line>
              <![CDATA[bhanu]]>
            </line>
            <line>
              <![CDATA[test1...]]>
            </line>
          </reporter-output>
        </test-method> <!-- test1 -->
        <test-method is-config="true" signature="postCondition()[pri:0, instance:script.Test1@7f485fda]" started-at="2023-06-22T22:16:46 CDT" name="postCondition" finished-at="2023-06-22T22:16:46 CDT" duration-ms="149" status="PASS">
          <reporter-output>
          </reporter-output>
        </test-method> <!-- postCondition -->
      </class> <!-- script.Test1 -->
    </test> <!-- Test -->
  </suite> <!-- Suite -->
</testng-results>
